<?xml version="1.0" encoding="UTF-8"?>
<!-- Generated by org.testng.reporters.JUnitReportReporter -->
<testsuite hostname="Purushothams-MacBook-Air.local" failures="0" tests="1" name="listener.TestRunner" time="0.350" errors="0" timestamp="27 Jul 2019 11:22:32 GMT" skipped="0">
  <testcase classname="listener.TestRunner" name="scenario" time="0.350"/>
</testsuite> <!-- listener.TestRunner -->
